{"/Users/nepp/Documents/Development/react-shortz/core/src/errors.ts": {"path":"/Users/nepp/Documents/Development/react-shortz/core/src/errors.ts","all":false,"statementMap":{"0":{"start":{"line":1,"column":0},"end":{"line":1,"column":44}},"1":{"start":{"line":2,"column":0},"end":{"line":2,"column":17}},"2":{"start":{"line":3,"column":0},"end":{"line":3,"column":12}},"3":{"start":{"line":4,"column":0},"end":{"line":4,"column":34}},"4":{"start":{"line":5,"column":0},"end":{"line":5,"column":3}},"5":{"start":{"line":6,"column":0},"end":{"line":6,"column":1}}},"s":{"0":1,"1":1,"2":2,"3":2,"4":2,"5":1},"branchMap":{"0":{"type":"branch","line":2,"loc":{"start":{"line":2,"column":2},"end":{"line":5,"column":3}},"locations":[{"start":{"line":2,"column":2},"end":{"line":5,"column":3}}]}},"b":{"0":[2]},"fnMap":{"0":{"name":"InvalidKeyError","decl":{"start":{"line":2,"column":2},"end":{"line":5,"column":3}},"loc":{"start":{"line":2,"column":2},"end":{"line":5,"column":3}},"line":2}},"f":{"0":2}}
,"/Users/nepp/Documents/Development/react-shortz/core/src/useShortcut.ts": {"path":"/Users/nepp/Documents/Development/react-shortz/core/src/useShortcut.ts","all":false,"statementMap":{"0":{"start":{"line":1,"column":0},"end":{"line":1,"column":43}},"1":{"start":{"line":2,"column":0},"end":{"line":2,"column":75}},"2":{"start":{"line":3,"column":0},"end":{"line":3,"column":43}},"15":{"start":{"line":16,"column":0},"end":{"line":16,"column":54}},"16":{"start":{"line":17,"column":0},"end":{"line":17,"column":35}},"18":{"start":{"line":19,"column":0},"end":{"line":19,"column":51}},"19":{"start":{"line":20,"column":0},"end":{"line":20,"column":37}},"22":{"start":{"line":23,"column":0},"end":{"line":23,"column":23}},"23":{"start":{"line":24,"column":0},"end":{"line":24,"column":36}},"24":{"start":{"line":25,"column":0},"end":{"line":25,"column":70}},"25":{"start":{"line":26,"column":0},"end":{"line":26,"column":38}},"26":{"start":{"line":27,"column":0},"end":{"line":27,"column":40}},"27":{"start":{"line":28,"column":0},"end":{"line":28,"column":6}},"29":{"start":{"line":30,"column":0},"end":{"line":30,"column":49}},"30":{"start":{"line":31,"column":0},"end":{"line":31,"column":32}},"31":{"start":{"line":32,"column":0},"end":{"line":32,"column":36}},"32":{"start":{"line":33,"column":0},"end":{"line":33,"column":7}},"35":{"start":{"line":36,"column":0},"end":{"line":36,"column":36}},"36":{"start":{"line":37,"column":0},"end":{"line":37,"column":7}},"38":{"start":{"line":39,"column":0},"end":{"line":39,"column":37}},"39":{"start":{"line":40,"column":0},"end":{"line":40,"column":13}},"41":{"start":{"line":42,"column":0},"end":{"line":42,"column":19}},"43":{"start":{"line":44,"column":0},"end":{"line":44,"column":53}},"44":{"start":{"line":45,"column":0},"end":{"line":45,"column":31}},"46":{"start":{"line":47,"column":0},"end":{"line":47,"column":49}},"47":{"start":{"line":48,"column":0},"end":{"line":48,"column":51}},"48":{"start":{"line":49,"column":0},"end":{"line":49,"column":51}},"49":{"start":{"line":50,"column":0},"end":{"line":50,"column":53}},"51":{"start":{"line":52,"column":0},"end":{"line":52,"column":56}},"52":{"start":{"line":53,"column":0},"end":{"line":53,"column":21}},"53":{"start":{"line":54,"column":0},"end":{"line":54,"column":7}},"54":{"start":{"line":55,"column":0},"end":{"line":55,"column":6}},"55":{"start":{"line":56,"column":0},"end":{"line":56,"column":54}},"56":{"start":{"line":57,"column":0},"end":{"line":57,"column":18}},"57":{"start":{"line":58,"column":0},"end":{"line":58,"column":59}},"58":{"start":{"line":59,"column":0},"end":{"line":59,"column":6}},"59":{"start":{"line":60,"column":0},"end":{"line":60,"column":40}},"60":{"start":{"line":61,"column":0},"end":{"line":61,"column":2}}},"s":{"0":1,"1":1,"2":1,"15":1,"16":5,"18":5,"19":5,"22":5,"23":5,"24":5,"25":5,"26":5,"27":5,"29":5,"30":10,"31":2,"32":2,"35":8,"36":5,"38":5,"39":5,"41":5,"43":3,"44":2,"46":2,"47":2,"48":2,"49":2,"51":2,"52":1,"53":1,"54":2,"55":3,"56":3,"57":3,"58":3,"59":5,"60":5},"branchMap":{"0":{"type":"branch","line":16,"loc":{"start":{"line":16,"column":27},"end":{"line":61,"column":2}},"locations":[{"start":{"line":16,"column":27},"end":{"line":61,"column":2}}]},"1":{"type":"branch","line":19,"loc":{"start":{"line":19,"column":44},"end":{"line":40,"column":5}},"locations":[{"start":{"line":19,"column":44},"end":{"line":40,"column":5}}]},"2":{"type":"branch","line":25,"loc":{"start":{"line":25,"column":36},"end":{"line":25,"column":70}},"locations":[{"start":{"line":25,"column":36},"end":{"line":25,"column":70}}]},"3":{"type":"branch","line":30,"loc":{"start":{"line":30,"column":39},"end":{"line":37,"column":5}},"locations":[{"start":{"line":30,"column":39},"end":{"line":37,"column":5}}]},"4":{"type":"branch","line":31,"loc":{"start":{"line":31,"column":31},"end":{"line":33,"column":7}},"locations":[{"start":{"line":31,"column":31},"end":{"line":33,"column":7}}]},"5":{"type":"branch","line":33,"loc":{"start":{"line":33,"column":6},"end":{"line":36,"column":36}},"locations":[{"start":{"line":33,"column":6},"end":{"line":36,"column":36}}]},"6":{"type":"branch","line":42,"loc":{"start":{"line":42,"column":12},"end":{"line":60,"column":5}},"locations":[{"start":{"line":42,"column":12},"end":{"line":60,"column":5}}]},"7":{"type":"branch","line":44,"loc":{"start":{"line":44,"column":26},"end":{"line":55,"column":6}},"locations":[{"start":{"line":44,"column":26},"end":{"line":55,"column":6}}]},"8":{"type":"branch","line":45,"loc":{"start":{"line":45,"column":24},"end":{"line":45,"column":31}},"locations":[{"start":{"line":45,"column":24},"end":{"line":45,"column":31}}]},"9":{"type":"branch","line":47,"loc":{"start":{"line":47,"column":20},"end":{"line":47,"column":42}},"locations":[{"start":{"line":47,"column":20},"end":{"line":47,"column":42}}]},"10":{"type":"branch","line":47,"loc":{"start":{"line":47,"column":42},"end":{"line":47,"column":49}},"locations":[{"start":{"line":47,"column":42},"end":{"line":47,"column":49}}]},"11":{"type":"branch","line":48,"loc":{"start":{"line":48,"column":44},"end":{"line":48,"column":51}},"locations":[{"start":{"line":48,"column":44},"end":{"line":48,"column":51}}]},"12":{"type":"branch","line":49,"loc":{"start":{"line":49,"column":20},"end":{"line":49,"column":44}},"locations":[{"start":{"line":49,"column":20},"end":{"line":49,"column":44}}]},"13":{"type":"branch","line":49,"loc":{"start":{"line":49,"column":44},"end":{"line":49,"column":51}},"locations":[{"start":{"line":49,"column":44},"end":{"line":49,"column":51}}]},"14":{"type":"branch","line":50,"loc":{"start":{"line":50,"column":20},"end":{"line":50,"column":46}},"locations":[{"start":{"line":50,"column":20},"end":{"line":50,"column":46}}]},"15":{"type":"branch","line":50,"loc":{"start":{"line":50,"column":46},"end":{"line":50,"column":53}},"locations":[{"start":{"line":50,"column":46},"end":{"line":50,"column":53}}]},"16":{"type":"branch","line":52,"loc":{"start":{"line":52,"column":55},"end":{"line":54,"column":7}},"locations":[{"start":{"line":52,"column":55},"end":{"line":54,"column":7}}]},"17":{"type":"branch","line":57,"loc":{"start":{"line":57,"column":11},"end":{"line":59,"column":6}},"locations":[{"start":{"line":57,"column":11},"end":{"line":59,"column":6}}]}},"b":{"0":[5],"1":[5],"2":[0],"3":[10],"4":[2],"5":[8],"6":[3],"7":[2],"8":[0],"9":[0],"10":[0],"11":[0],"12":[0],"13":[0],"14":[0],"15":[0],"16":[1],"17":[3]},"fnMap":{"0":{"name":"useShortcut","decl":{"start":{"line":16,"column":27},"end":{"line":61,"column":2}},"loc":{"start":{"line":16,"column":27},"end":{"line":61,"column":2}},"line":16},"1":{"name":"handleKeyDown","decl":{"start":{"line":44,"column":26},"end":{"line":55,"column":6}},"loc":{"start":{"line":44,"column":26},"end":{"line":55,"column":6}},"line":44}},"f":{"0":5,"1":2}}
,"/Users/nepp/Documents/Development/react-shortz/core/src/utils/keys.ts": {"path":"/Users/nepp/Documents/Development/react-shortz/core/src/utils/keys.ts","all":false,"statementMap":{"1":{"start":{"line":2,"column":0},"end":{"line":2,"column":54}},"3":{"start":{"line":4,"column":0},"end":{"line":4,"column":12}},"4":{"start":{"line":5,"column":0},"end":{"line":5,"column":12}},"5":{"start":{"line":6,"column":0},"end":{"line":6,"column":12}},"6":{"start":{"line":7,"column":0},"end":{"line":7,"column":12}},"7":{"start":{"line":8,"column":0},"end":{"line":8,"column":12}},"8":{"start":{"line":9,"column":0},"end":{"line":9,"column":12}},"9":{"start":{"line":10,"column":0},"end":{"line":10,"column":12}},"10":{"start":{"line":11,"column":0},"end":{"line":11,"column":12}},"11":{"start":{"line":12,"column":0},"end":{"line":12,"column":12}},"12":{"start":{"line":13,"column":0},"end":{"line":13,"column":12}},"13":{"start":{"line":14,"column":0},"end":{"line":14,"column":12}},"14":{"start":{"line":15,"column":0},"end":{"line":15,"column":12}},"15":{"start":{"line":16,"column":0},"end":{"line":16,"column":12}},"16":{"start":{"line":17,"column":0},"end":{"line":17,"column":12}},"17":{"start":{"line":18,"column":0},"end":{"line":18,"column":12}},"18":{"start":{"line":19,"column":0},"end":{"line":19,"column":12}},"19":{"start":{"line":20,"column":0},"end":{"line":20,"column":12}},"20":{"start":{"line":21,"column":0},"end":{"line":21,"column":12}},"21":{"start":{"line":22,"column":0},"end":{"line":22,"column":12}},"22":{"start":{"line":23,"column":0},"end":{"line":23,"column":12}},"23":{"start":{"line":24,"column":0},"end":{"line":24,"column":12}},"24":{"start":{"line":25,"column":0},"end":{"line":25,"column":12}},"25":{"start":{"line":26,"column":0},"end":{"line":26,"column":12}},"26":{"start":{"line":27,"column":0},"end":{"line":27,"column":12}},"27":{"start":{"line":28,"column":0},"end":{"line":28,"column":12}},"28":{"start":{"line":29,"column":0},"end":{"line":29,"column":12}},"31":{"start":{"line":32,"column":0},"end":{"line":32,"column":14}},"32":{"start":{"line":33,"column":0},"end":{"line":33,"column":14}},"33":{"start":{"line":34,"column":0},"end":{"line":34,"column":14}},"34":{"start":{"line":35,"column":0},"end":{"line":35,"column":14}},"35":{"start":{"line":36,"column":0},"end":{"line":36,"column":14}},"36":{"start":{"line":37,"column":0},"end":{"line":37,"column":14}},"37":{"start":{"line":38,"column":0},"end":{"line":38,"column":14}},"38":{"start":{"line":39,"column":0},"end":{"line":39,"column":14}},"39":{"start":{"line":40,"column":0},"end":{"line":40,"column":14}},"40":{"start":{"line":41,"column":0},"end":{"line":41,"column":14}},"43":{"start":{"line":44,"column":0},"end":{"line":44,"column":13}},"44":{"start":{"line":45,"column":0},"end":{"line":45,"column":13}},"45":{"start":{"line":46,"column":0},"end":{"line":46,"column":19}},"46":{"start":{"line":47,"column":0},"end":{"line":47,"column":20}},"47":{"start":{"line":48,"column":0},"end":{"line":48,"column":18}},"48":{"start":{"line":49,"column":0},"end":{"line":49,"column":17}},"49":{"start":{"line":50,"column":0},"end":{"line":50,"column":13}},"50":{"start":{"line":51,"column":0},"end":{"line":51,"column":13}},"51":{"start":{"line":52,"column":0},"end":{"line":52,"column":14}},"52":{"start":{"line":53,"column":0},"end":{"line":53,"column":13}},"53":{"start":{"line":54,"column":0},"end":{"line":54,"column":17}},"56":{"start":{"line":57,"column":0},"end":{"line":57,"column":13}},"57":{"start":{"line":58,"column":0},"end":{"line":58,"column":17}},"58":{"start":{"line":59,"column":0},"end":{"line":59,"column":25}},"59":{"start":{"line":60,"column":0},"end":{"line":60,"column":13}},"60":{"start":{"line":61,"column":0},"end":{"line":61,"column":19}},"61":{"start":{"line":62,"column":0},"end":{"line":62,"column":19}},"62":{"start":{"line":63,"column":0},"end":{"line":63,"column":23}},"65":{"start":{"line":66,"column":0},"end":{"line":66,"column":25}},"66":{"start":{"line":67,"column":0},"end":{"line":67,"column":27}},"67":{"start":{"line":68,"column":0},"end":{"line":68,"column":21}},"68":{"start":{"line":69,"column":0},"end":{"line":69,"column":25}},"71":{"start":{"line":72,"column":0},"end":{"line":72,"column":25}},"72":{"start":{"line":73,"column":0},"end":{"line":73,"column":27}},"73":{"start":{"line":74,"column":0},"end":{"line":74,"column":29}},"74":{"start":{"line":75,"column":0},"end":{"line":75,"column":31}},"75":{"start":{"line":76,"column":0},"end":{"line":76,"column":21}},"76":{"start":{"line":77,"column":0},"end":{"line":77,"column":23}},"77":{"start":{"line":78,"column":0},"end":{"line":78,"column":23}},"78":{"start":{"line":79,"column":0},"end":{"line":79,"column":25}},"79":{"start":{"line":80,"column":0},"end":{"line":80,"column":11}},"82":{"start":{"line":83,"column":0},"end":{"line":83,"column":39}},"83":{"start":{"line":84,"column":0},"end":{"line":84,"column":10}},"84":{"start":{"line":85,"column":0},"end":{"line":85,"column":12}},"85":{"start":{"line":86,"column":0},"end":{"line":86,"column":8}},"86":{"start":{"line":87,"column":0},"end":{"line":87,"column":9}},"87":{"start":{"line":88,"column":0},"end":{"line":88,"column":9}},"88":{"start":{"line":89,"column":0},"end":{"line":89,"column":11}},"95":{"start":{"line":96,"column":0},"end":{"line":96,"column":50}},"96":{"start":{"line":97,"column":0},"end":{"line":97,"column":50}},"97":{"start":{"line":98,"column":0},"end":{"line":98,"column":2}},"104":{"start":{"line":105,"column":0},"end":{"line":105,"column":41}},"105":{"start":{"line":106,"column":0},"end":{"line":106,"column":31}},"106":{"start":{"line":107,"column":0},"end":{"line":107,"column":26}},"107":{"start":{"line":108,"column":0},"end":{"line":108,"column":2}},"114":{"start":{"line":115,"column":0},"end":{"line":115,"column":47}},"115":{"start":{"line":116,"column":0},"end":{"line":116,"column":10}},"116":{"start":{"line":117,"column":0},"end":{"line":117,"column":29}},"117":{"start":{"line":118,"column":0},"end":{"line":118,"column":34}},"118":{"start":{"line":119,"column":0},"end":{"line":119,"column":59}},"120":{"start":{"line":121,"column":0},"end":{"line":121,"column":2}}},"s":{"1":1,"3":1,"4":1,"5":1,"6":1,"7":1,"8":1,"9":1,"10":1,"11":1,"12":1,"13":1,"14":1,"15":1,"16":1,"17":1,"18":1,"19":1,"20":1,"21":1,"22":1,"23":1,"24":1,"25":1,"26":1,"27":1,"28":1,"31":1,"32":1,"33":1,"34":1,"35":1,"36":1,"37":1,"38":1,"39":1,"40":1,"43":1,"44":1,"45":1,"46":1,"47":1,"48":1,"49":1,"50":1,"51":1,"52":1,"53":1,"56":1,"57":1,"58":1,"59":1,"60":1,"61":1,"62":1,"65":1,"66":1,"67":1,"68":1,"71":1,"72":1,"73":1,"74":1,"75":1,"76":1,"77":1,"78":1,"79":1,"82":1,"83":1,"84":1,"85":1,"86":1,"87":1,"88":1,"95":1,"96":15,"97":15,"104":1,"105":0,"106":0,"107":0,"114":1,"115":10,"116":10,"117":10,"118":10,"120":10},"branchMap":{"0":{"type":"branch","line":96,"loc":{"start":{"line":96,"column":32},"end":{"line":98,"column":2}},"locations":[{"start":{"line":96,"column":32},"end":{"line":98,"column":2}}]},"1":{"type":"branch","line":115,"loc":{"start":{"line":115,"column":29},"end":{"line":121,"column":2}},"locations":[{"start":{"line":115,"column":29},"end":{"line":121,"column":2}}]},"2":{"type":"branch","line":119,"loc":{"start":{"line":119,"column":33},"end":{"line":119,"column":59}},"locations":[{"start":{"line":119,"column":33},"end":{"line":119,"column":59}}]},"3":{"type":"branch","line":118,"loc":{"start":{"line":118,"column":11},"end":{"line":118,"column":33}},"locations":[{"start":{"line":118,"column":11},"end":{"line":118,"column":33}}]}},"b":{"0":[15],"1":[10],"2":[7],"3":[660]},"fnMap":{"0":{"name":"checkModifierKey","decl":{"start":{"line":96,"column":32},"end":{"line":98,"column":2}},"loc":{"start":{"line":96,"column":32},"end":{"line":98,"column":2}},"line":96},"1":{"name":"getKey","decl":{"start":{"line":105,"column":22},"end":{"line":108,"column":2}},"loc":{"start":{"line":105,"column":22},"end":{"line":108,"column":2}},"line":105},"2":{"name":"checkValidKey","decl":{"start":{"line":115,"column":29},"end":{"line":121,"column":2}},"loc":{"start":{"line":115,"column":29},"end":{"line":121,"column":2}},"line":115}},"f":{"0":15,"1":0,"2":10}}
}
